Config attempting to parse: '/Godot_v3.5.1-stable_mono_linux_headless_64/GodotSharp/Mono/etc/mono/config'. (in domain Mono, info)
Config attempting to parse: '/root/.mono/config'. (in domain Mono, info)
Image addref mscorlib[0x763eff0] (asmctx DEFAULT) -> /Godot_v3.5.1-stable_mono_linux_headless_64/GodotSharp/Mono/lib/mono/4.5/mscorlib.dll[0x763dc10]: 2 (in domain Mono, info)
Prepared to set up assembly 'mscorlib' (/Godot_v3.5.1-stable_mono_linux_headless_64/GodotSharp/Mono/lib/mono/4.5/mscorlib.dll) (in domain Mono, info)
AOT: image '/Godot_v3.5.1-stable_mono_linux_headless_64/GodotSharp/Mono/lib/mono/4.5/mscorlib.dll.so' not found: /Godot_v3.5.1-stable_mono_linux_headless_64/GodotSharp/Mono/lib/mono/4.5/mscorlib.dll.so: cannot open shared object file: No such file or directory (in domain Mono, info)
AOT: image '/Godot_v3.5.1-stable_mono_linux_headless_64/GodotSharp/Mono/lib/mono/aot-cache/amd64/mscorlib.dll.so' not found: /Godot_v3.5.1-stable_mono_linux_headless_64/GodotSharp/Mono/lib/mono/aot-cache/amd64/mscorlib.dll.so: cannot open shared object file: No such file or directory (in domain Mono, info)
Assembly mscorlib[0x763eff0] added to domain GodotEngine.RootDomain, ref_count=1 (in domain Mono, info)
Assembly mscorlib[0x763eff0] added to domain GodotEngine.Domain.Scripts, ref_count=2 (in domain Mono, info)
GC_MAJOR: (user request) time 0.11ms, stw 0.26ms los size: 0K in use: 0K (in domain Mono, info)
GC_MAJOR_SWEEP: major size: 256K in use: 3K (in domain Mono, info)
GC_MAJOR: (user request) time 0.08ms, stw 0.21ms los size: 0K in use: 0K (in domain Mono, info)
GC_MAJOR_SWEEP: major size: 336K in use: 3K (in domain Mono, info)
GC_MAJOR: (user request) time 0.08ms, stw 0.25ms los size: 0K in use: 0K (in domain Mono, info)
GC_MAJOR_SWEEP: major size: 336K in use: 4K (in domain Mono, info)
GC_MINOR: (user request) time 0.59ms, stw 0.72ms promoted 0K major size: 336K in use: 4K los size: 0K in use: 0K (in domain Mono, info)
Unloading domain GodotEngine.Domain.Scripts[0x76ae120], assembly mscorlib[0x763eff0], ref_count=2 (in domain Mono, info)
GC_MAJOR: (user request) time 0.08ms, stw 0.26ms los size: 0K in use: 0K (in domain Mono, info)
GC_MAJOR_SWEEP: major size: 224K in use: 2K (in domain Mono, info)
Assembly mscorlib[0x763eff0] added to domain GodotEngine.Domain.Scripts, ref_count=2 (in domain Mono, info)
Image addref GodotSharp[0x76f2540] (asmctx DEFAULT) -> //.mono/assemblies/Debug/GodotSharp.dll[0x76acf60]: 3 (in domain Mono, info)
Prepared to set up assembly 'GodotSharp' (//.mono/assemblies/Debug/GodotSharp.dll) (in domain Mono, info)
Assembly GodotSharp[0x76f2540] added to domain GodotEngine.Domain.Scripts, ref_count=1 (in domain Mono, info)
Requesting loading reference 0 (of 1) of //.mono/assemblies/Debug/GodotSharp.dll (in domain Mono, info)
Loading reference 0 of //.mono/assemblies/Debug/GodotSharp.dll asmctx DEFAULT, looking for netstandard, Version=2.0.0.0, Culture=neutral, PublicKeyToken=cc7b13ffcd2ddd51 (in domain Mono, info)
Config attempting to parse: ''. (in domain Mono, info)
Image addref netstandard[0x76fdbe0] (asmctx DEFAULT) -> /Godot_v3.5.1-stable_mono_linux_headless_64/GodotSharp/Mono/lib/mono/4.5/Facades/netstandard.dll[0x76fddc0]: 2 (in domain Mono, info)
Prepared to set up assembly 'netstandard' (/Godot_v3.5.1-stable_mono_linux_headless_64/GodotSharp/Mono/lib/mono/4.5/Facades/netstandard.dll) (in domain Mono, info)
Assembly netstandard[0x76fdbe0] added to domain GodotEngine.Domain.Scripts, ref_count=1 (in domain Mono, info)
Assembly Ref addref GodotSharp[0x76f2540] -> netstandard[0x76fdbe0]: 2 (in domain Mono, info)
Requesting loading reference 0 (of 16) of /Godot_v3.5.1-stable_mono_linux_headless_64/GodotSharp/Mono/lib/mono/4.5/Facades/netstandard.dll (in domain Mono, info)
Loading reference 0 of /Godot_v3.5.1-stable_mono_linux_headless_64/GodotSharp/Mono/lib/mono/4.5/Facades/netstandard.dll asmctx DEFAULT, looking for mscorlib, Version=4.0.0.0, Culture=neutral, PublicKeyToken=b77a5c561934e089 (in domain Mono, info)
Assembly Ref addref netstandard[0x76fdbe0] -> mscorlib[0x763eff0]: 3 (in domain Mono, info)
Image addref GodotSharpEditor[0x7db3ff0] (asmctx DEFAULT) -> //.mono/assemblies/Debug/GodotSharpEditor.dll[0x7db5f10]: 3 (in domain Mono, info)
Prepared to set up assembly 'GodotSharpEditor' (//.mono/assemblies/Debug/GodotSharpEditor.dll) (in domain Mono, info)
Assembly GodotSharpEditor[0x7db3ff0] added to domain GodotEngine.Domain.Scripts, ref_count=1 (in domain Mono, info)
Requesting loading reference 0 (of 2) of //.mono/assemblies/Debug/GodotSharpEditor.dll (in domain Mono, info)
Loading reference 0 of //.mono/assemblies/Debug/GodotSharpEditor.dll asmctx DEFAULT, looking for netstandard, Version=2.0.0.0, Culture=neutral, PublicKeyToken=cc7b13ffcd2ddd51 (in domain Mono, info)
Assembly Ref addref GodotSharpEditor[0x7db3ff0] -> netstandard[0x76fdbe0]: 3 (in domain Mono, info)
Requesting loading reference 2 (of 16) of /Godot_v3.5.1-stable_mono_linux_headless_64/GodotSharp/Mono/lib/mono/4.5/Facades/netstandard.dll (in domain Mono, info)
Loading reference 2 of /Godot_v3.5.1-stable_mono_linux_headless_64/GodotSharp/Mono/lib/mono/4.5/Facades/netstandard.dll asmctx DEFAULT, looking for System, Version=4.0.0.0, Culture=neutral, PublicKeyToken=b77a5c561934e089 (in domain Mono, info)
Image addref System[0x6d98740] (asmctx DEFAULT) -> /Godot_v3.5.1-stable_mono_linux_headless_64/GodotSharp/Mono/lib/mono/4.5/System.dll[0x7dd7a40]: 2 (in domain Mono, info)
Prepared to set up assembly 'System' (/Godot_v3.5.1-stable_mono_linux_headless_64/GodotSharp/Mono/lib/mono/4.5/System.dll) (in domain Mono, info)
Assembly System[0x6d98740] added to domain GodotEngine.Domain.Scripts, ref_count=1 (in domain Mono, info)
Assembly Ref addref netstandard[0x76fdbe0] -> System[0x6d98740]: 2 (in domain Mono, info)
Requesting loading reference 0 (of 6) of /Godot_v3.5.1-stable_mono_linux_headless_64/GodotSharp/Mono/lib/mono/4.5/System.dll (in domain Mono, info)
Loading reference 0 of /Godot_v3.5.1-stable_mono_linux_headless_64/GodotSharp/Mono/lib/mono/4.5/System.dll asmctx DEFAULT, looking for mscorlib, Version=4.0.0.0, Culture=neutral, PublicKeyToken=b77a5c561934e089 (in domain Mono, info)
Assembly Ref addref System[0x6d98740] -> mscorlib[0x763eff0]: 4 (in domain Mono, info)
Requesting loading reference 2 (of 6) of /Godot_v3.5.1-stable_mono_linux_headless_64/GodotSharp/Mono/lib/mono/4.5/System.dll (in domain Mono, info)
Loading reference 2 of /Godot_v3.5.1-stable_mono_linux_headless_64/GodotSharp/Mono/lib/mono/4.5/System.dll asmctx DEFAULT, looking for System.Configuration, Version=4.0.0.0, Culture=neutral, PublicKeyToken=b03f5f7f11d50a3a (in domain Mono, info)
Image addref System.Configuration[0x7e51dd0] (asmctx DEFAULT) -> /Godot_v3.5.1-stable_mono_linux_headless_64/GodotSharp/Mono/lib/mono/4.5/System.Configuration.dll[0x7e4b800]: 2 (in domain Mono, info)
Prepared to set up assembly 'System.Configuration' (/Godot_v3.5.1-stable_mono_linux_headless_64/GodotSharp/Mono/lib/mono/4.5/System.Configuration.dll) (in domain Mono, info)
Assembly System.Configuration[0x7e51dd0] added to domain GodotEngine.Domain.Scripts, ref_count=1 (in domain Mono, info)
Assembly Ref addref System[0x6d98740] -> System.Configuration[0x7e51dd0]: 2 (in domain Mono, info)
Requesting loading reference 0 (of 4) of /Godot_v3.5.1-stable_mono_linux_headless_64/GodotSharp/Mono/lib/mono/4.5/System.Configuration.dll (in domain Mono, info)
Loading reference 0 of /Godot_v3.5.1-stable_mono_linux_headless_64/GodotSharp/Mono/lib/mono/4.5/System.Configuration.dll asmctx DEFAULT, looking for mscorlib, Version=4.0.0.0, Culture=neutral, PublicKeyToken=b77a5c561934e089 (in domain Mono, info)
Assembly Ref addref System.Configuration[0x7e51dd0] -> mscorlib[0x763eff0]: 5 (in domain Mono, info)
Requesting loading reference 2 (of 4) of /Godot_v3.5.1-stable_mono_linux_headless_64/GodotSharp/Mono/lib/mono/4.5/System.Configuration.dll (in domain Mono, info)
Loading reference 2 of /Godot_v3.5.1-stable_mono_linux_headless_64/GodotSharp/Mono/lib/mono/4.5/System.Configuration.dll asmctx DEFAULT, looking for System, Version=4.0.0.0, Culture=neutral, PublicKeyToken=b77a5c561934e089 (in domain Mono, info)
Assembly Ref addref System.Configuration[0x7e51dd0] -> System[0x6d98740]: 3 (in domain Mono, info)
Requesting loading reference 1 (of 4) of /Godot_v3.5.1-stable_mono_linux_headless_64/GodotSharp/Mono/lib/mono/4.5/System.Configuration.dll (in domain Mono, info)
Loading reference 1 of /Godot_v3.5.1-stable_mono_linux_headless_64/GodotSharp/Mono/lib/mono/4.5/System.Configuration.dll asmctx DEFAULT, looking for System.Xml, Version=4.0.0.0, Culture=neutral, PublicKeyToken=b77a5c561934e089 (in domain Mono, info)
Image addref System.Xml[0x7e95460] (asmctx DEFAULT) -> /Godot_v3.5.1-stable_mono_linux_headless_64/GodotSharp/Mono/lib/mono/4.5/System.Xml.dll[0x7e905b0]: 2 (in domain Mono, info)
Prepared to set up assembly 'System.Xml' (/Godot_v3.5.1-stable_mono_linux_headless_64/GodotSharp/Mono/lib/mono/4.5/System.Xml.dll) (in domain Mono, info)
Assembly System.Xml[0x7e95460] added to domain GodotEngine.Domain.Scripts, ref_count=1 (in domain Mono, info)
Assembly Ref addref System.Configuration[0x7e51dd0] -> System.Xml[0x7e95460]: 2 (in domain Mono, info)
Requesting loading reference 0 (of 3) of /Godot_v3.5.1-stable_mono_linux_headless_64/GodotSharp/Mono/lib/mono/4.5/System.Xml.dll (in domain Mono, info)
Loading reference 0 of /Godot_v3.5.1-stable_mono_linux_headless_64/GodotSharp/Mono/lib/mono/4.5/System.Xml.dll asmctx DEFAULT, looking for mscorlib, Version=4.0.0.0, Culture=neutral, PublicKeyToken=b77a5c561934e089 (in domain Mono, info)
Assembly Ref addref System.Xml[0x7e95460] -> mscorlib[0x763eff0]: 6 (in domain Mono, info)
DllImport attempting to load: '/Godot_v3.5.1-stable_mono_linux_headless_64/GodotSharp/Mono/lib/../lib/libmono-native.so'. (in domain Mono, info)
DllImport loaded library '/Godot_v3.5.1-stable_mono_linux_headless_64/GodotSharp/Mono/lib/../lib/libmono-native.so'. (in domain Mono, info)
DllImport searching in: '/Godot_v3.5.1-stable_mono_linux_headless_64/GodotSharp/Mono/lib/../lib/libmono-native.so' ('/Godot_v3.5.1-stable_mono_linux_headless_64/GodotSharp/Mono/lib/../lib/libmono-native.so'). (in domain Mono, info)
Searching for 'SystemNative_GetNonCryptographicallySecureRandomBytes'. (in domain Mono, info)
Probing 'SystemNative_GetNonCryptographicallySecureRandomBytes'. (in domain Mono, info)
Found as 'SystemNative_GetNonCryptographicallySecureRandomBytes'. (in domain Mono, info)
DllImport searching in: '/Godot_v3.5.1-stable_mono_linux_headless_64/GodotSharp/Mono/lib/../lib/libmono-native.so' ('/Godot_v3.5.1-stable_mono_linux_headless_64/GodotSharp/Mono/lib/../lib/libmono-native.so'). (in domain Mono, info)
Searching for 'SystemNative_LChflagsCanSetHiddenFlag'. (in domain Mono, info)
Probing 'SystemNative_LChflagsCanSetHiddenFlag'. (in domain Mono, info)
Found as 'SystemNative_LChflagsCanSetHiddenFlag'. (in domain Mono, info)
DllImport searching in: '/Godot_v3.5.1-stable_mono_linux_headless_64/GodotSharp/Mono/lib/../lib/libmono-native.so' ('/Godot_v3.5.1-stable_mono_linux_headless_64/GodotSharp/Mono/lib/../lib/libmono-native.so'). (in domain Mono, info)
Searching for 'SystemNative_Stat2'. (in domain Mono, info)
Probing 'SystemNative_Stat2'. (in domain Mono, info)
Found as 'SystemNative_Stat2'. (in domain Mono, info)
DllImport searching in: '/Godot_v3.5.1-stable_mono_linux_headless_64/GodotSharp/Mono/lib/../lib/libmono-native.so' ('/Godot_v3.5.1-stable_mono_linux_headless_64/GodotSharp/Mono/lib/../lib/libmono-native.so'). (in domain Mono, info)
Searching for 'SystemNative_LStat2'. (in domain Mono, info)
Probing 'SystemNative_LStat2'. (in domain Mono, info)
Found as 'SystemNative_LStat2'. (in domain Mono, info)
DllImport searching in: '/Godot_v3.5.1-stable_mono_linux_headless_64/GodotSharp/Mono/lib/../lib/libmono-native.so' ('/Godot_v3.5.1-stable_mono_linux_headless_64/GodotSharp/Mono/lib/../lib/libmono-native.so'). (in domain Mono, info)
Searching for 'SystemNative_ConvertErrorPlatformToPal'. (in domain Mono, info)
Probing 'SystemNative_ConvertErrorPlatformToPal'. (in domain Mono, info)
Found as 'SystemNative_ConvertErrorPlatformToPal'. (in domain Mono, info)
Requesting loading reference 2 (of 3) of /Godot_v3.5.1-stable_mono_linux_headless_64/GodotSharp/Mono/lib/mono/4.5/System.Xml.dll (in domain Mono, info)
Loading reference 2 of /Godot_v3.5.1-stable_mono_linux_headless_64/GodotSharp/Mono/lib/mono/4.5/System.Xml.dll asmctx DEFAULT, looking for System, Version=4.0.0.0, Culture=neutral, PublicKeyToken=b77a5c561934e089 (in domain Mono, info)
Assembly Ref addref System.Xml[0x7e95460] -> System[0x6d98740]: 4 (in domain Mono, info)
Requesting loading reference 3 (of 6) of /Godot_v3.5.1-stable_mono_linux_headless_64/GodotSharp/Mono/lib/mono/4.5/System.dll (in domain Mono, info)
Loading reference 3 of /Godot_v3.5.1-stable_mono_linux_headless_64/GodotSharp/Mono/lib/mono/4.5/System.dll asmctx DEFAULT, looking for System.Xml, Version=4.0.0.0, Culture=neutral, PublicKeyToken=b77a5c561934e089 (in domain Mono, info)
Assembly Ref addref System[0x6d98740] -> System.Xml[0x7e95460]: 3 (in domain Mono, info)
Image addref GodotTools[0x83d7710] (asmctx DEFAULT) -> /Godot_v3.5.1-stable_mono_linux_headless_64/GodotSharp/Tools/GodotTools.dll[0x835a7d0]: 3 (in domain Mono, info)
Prepared to set up assembly 'GodotTools' (/Godot_v3.5.1-stable_mono_linux_headless_64/GodotSharp/Tools/GodotTools.dll) (in domain Mono, info)
Assembly GodotTools[0x83d7710] added to domain GodotEngine.Domain.Scripts, ref_count=1 (in domain Mono, info)
Image addref GodotTools.ProjectEditor[0x8382720] (asmctx DEFAULT) -> /Godot_v3.5.1-stable_mono_linux_headless_64/GodotSharp/Tools/GodotTools.ProjectEditor.dll[0x83a6c00]: 3 (in domain Mono, info)
Prepared to set up assembly 'GodotTools.ProjectEditor' (/Godot_v3.5.1-stable_mono_linux_headless_64/GodotSharp/Tools/GodotTools.ProjectEditor.dll) (in domain Mono, info)
Assembly GodotTools.ProjectEditor[0x8382720] added to domain GodotEngine.Domain.Scripts, ref_count=1 (in domain Mono, info)
Requesting loading reference 2 (of 11) of /Godot_v3.5.1-stable_mono_linux_headless_64/GodotSharp/Tools/GodotTools.dll (in domain Mono, info)
Loading reference 2 of /Godot_v3.5.1-stable_mono_linux_headless_64/GodotSharp/Tools/GodotTools.dll asmctx DEFAULT, looking for GodotSharpEditor, Version=1.0.0.0, Culture=neutral, PublicKeyToken=null (in domain Mono, info)
Assembly Ref addref GodotTools[0x83d7710] -> GodotSharpEditor[0x7db3ff0]: 2 (in domain Mono, info)
Requesting loading reference 1 (of 2) of //.mono/assemblies/Debug/GodotSharpEditor.dll (in domain Mono, info)
Loading reference 1 of //.mono/assemblies/Debug/GodotSharpEditor.dll asmctx DEFAULT, looking for GodotSharp, Version=1.0.0.0, Culture=neutral, PublicKeyToken=null (in domain Mono, info)
Assembly Ref addref GodotSharpEditor[0x7db3ff0] -> GodotSharp[0x76f2540]: 2 (in domain Mono, info)
Requesting loading reference 1 (of 11) of /Godot_v3.5.1-stable_mono_linux_headless_64/GodotSharp/Tools/GodotTools.dll (in domain Mono, info)
Loading reference 1 of /Godot_v3.5.1-stable_mono_linux_headless_64/GodotSharp/Tools/GodotTools.dll asmctx DEFAULT, looking for GodotSharp, Version=1.0.0.0, Culture=neutral, PublicKeyToken=null (in domain Mono, info)
Assembly Ref addref GodotTools[0x83d7710] -> GodotSharp[0x76f2540]: 3 (in domain Mono, info)
Requesting loading reference 0 (of 11) of /Godot_v3.5.1-stable_mono_linux_headless_64/GodotSharp/Tools/GodotTools.dll (in domain Mono, info)
Loading reference 0 of /Godot_v3.5.1-stable_mono_linux_headless_64/GodotSharp/Tools/GodotTools.dll asmctx DEFAULT, looking for mscorlib, Version=4.0.0.0, Culture=neutral, PublicKeyToken=b77a5c561934e089 (in domain Mono, info)
Assembly Ref addref GodotTools[0x83d7710] -> mscorlib[0x763eff0]: 7 (in domain Mono, info)
Requesting loading reference 8 (of 11) of /Godot_v3.5.1-stable_mono_linux_headless_64/GodotSharp/Tools/GodotTools.dll (in domain Mono, info)
Loading reference 8 of /Godot_v3.5.1-stable_mono_linux_headless_64/GodotSharp/Tools/GodotTools.dll asmctx DEFAULT, looking for System.Core, Version=4.0.0.0, Culture=neutral, PublicKeyToken=b77a5c561934e089 (in domain Mono, info)
Image addref System.Core[0x82d08d0] (asmctx DEFAULT) -> /Godot_v3.5.1-stable_mono_linux_headless_64/GodotSharp/Mono/lib/mono/4.5/System.Core.dll[0x7a56600]: 2 (in domain Mono, info)
Prepared to set up assembly 'System.Core' (/Godot_v3.5.1-stable_mono_linux_headless_64/GodotSharp/Mono/lib/mono/4.5/System.Core.dll) (in domain Mono, info)
Assembly System.Core[0x82d08d0] added to domain GodotEngine.Domain.Scripts, ref_count=1 (in domain Mono, info)
Assembly Ref addref GodotTools[0x83d7710] -> System.Core[0x82d08d0]: 2 (in domain Mono, info)
Requesting loading reference 0 (of 2) of /Godot_v3.5.1-stable_mono_linux_headless_64/GodotSharp/Mono/lib/mono/4.5/System.Core.dll (in domain Mono, info)
Loading reference 0 of /Godot_v3.5.1-stable_mono_linux_headless_64/GodotSharp/Mono/lib/mono/4.5/System.Core.dll asmctx DEFAULT, looking for mscorlib, Version=4.0.0.0, Culture=neutral, PublicKeyToken=b77a5c561934e089 (in domain Mono, info)
Assembly Ref addref System.Core[0x82d08d0] -> mscorlib[0x763eff0]: 8 (in domain Mono, info)
Requesting loading reference 5 (of 11) of /Godot_v3.5.1-stable_mono_linux_headless_64/GodotSharp/Tools/GodotTools.dll (in domain Mono, info)
Loading reference 5 of /Godot_v3.5.1-stable_mono_linux_headless_64/GodotSharp/Tools/GodotTools.dll asmctx DEFAULT, looking for GodotTools.IdeMessaging, Version=1.1.1.0, Culture=neutral, PublicKeyToken=null (in domain Mono, info)
Image addref GodotTools.IdeMessaging[0xf710950] (asmctx DEFAULT) -> /Godot_v3.5.1-stable_mono_linux_headless_64/GodotSharp/Tools/GodotTools.IdeMessaging.dll[0xf70fa00]: 2 (in domain Mono, info)
Prepared to set up assembly 'GodotTools.IdeMessaging' (/Godot_v3.5.1-stable_mono_linux_headless_64/GodotSharp/Tools/GodotTools.IdeMessaging.dll) (in domain Mono, info)
Assembly GodotTools.IdeMessaging[0xf710950] added to domain GodotEngine.Domain.Scripts, ref_count=1 (in domain Mono, info)
Assembly Ref addref GodotTools[0x83d7710] -> GodotTools.IdeMessaging[0xf710950]: 2 (in domain Mono, info)
Requesting loading reference 4 (of 11) of /Godot_v3.5.1-stable_mono_linux_headless_64/GodotSharp/Tools/GodotTools.dll (in domain Mono, info)
Loading reference 4 of /Godot_v3.5.1-stable_mono_linux_headless_64/GodotSharp/Tools/GodotTools.dll asmctx DEFAULT, looking for System, Version=4.0.0.0, Culture=neutral, PublicKeyToken=b77a5c561934e089 (in domain Mono, info)
Assembly Ref addref GodotTools[0x83d7710] -> System[0x6d98740]: 5 (in domain Mono, info)
Requesting loading reference 0 (of 2) of /Godot_v3.5.1-stable_mono_linux_headless_64/GodotSharp/Tools/GodotTools.IdeMessaging.dll (in domain Mono, info)
Loading reference 0 of /Godot_v3.5.1-stable_mono_linux_headless_64/GodotSharp/Tools/GodotTools.IdeMessaging.dll asmctx DEFAULT, looking for netstandard, Version=2.0.0.0, Culture=neutral, PublicKeyToken=cc7b13ffcd2ddd51 (in domain Mono, info)
Assembly Ref addref GodotTools.IdeMessaging[0xf710950] -> netstandard[0x76fdbe0]: 4 (in domain Mono, info)
DllImport searching in: '/Godot_v3.5.1-stable_mono_linux_headless_64/GodotSharp/Mono/lib/../lib/libmono-native.so' ('/Godot_v3.5.1-stable_mono_linux_headless_64/GodotSharp/Mono/lib/../lib/libmono-native.so'). (in domain Mono, info)
Searching for 'SystemNative_MkDir'. (in domain Mono, info)
Probing 'SystemNative_MkDir'. (in domain Mono, info)
Found as 'SystemNative_MkDir'. (in domain Mono, info)
DllImport attempting to load: 'libc.so.6'. (in domain Mono, info)
DllImport error loading library '/Godot_v3.5.1-stable_mono_linux_headless_64/GodotSharp/Mono/lib/mono/4.5/libc.so.6': '/Godot_v3.5.1-stable_mono_linux_headless_64/GodotSharp/Mono/lib/mono/4.5/libc.so.6: cannot open shared object file: No such file or directory'. (in domain Mono, info)
DllImport error loading library '/Godot_v3.5.1-stable_mono_linux_headless_64/GodotSharp/Mono/lib/mono/4.5/libc.so.6.so': '/Godot_v3.5.1-stable_mono_linux_headless_64/GodotSharp/Mono/lib/mono/4.5/libc.so.6.so: cannot open shared object file: No such file or directory'. (in domain Mono, info)
DllImport error loading library '/Godot_v3.5.1-stable_mono_linux_headless_64/GodotSharp/Mono/lib/mono/4.5/libc.so.6.so': '/Godot_v3.5.1-stable_mono_linux_headless_64/GodotSharp/Mono/lib/mono/4.5/libc.so.6.so: cannot open shared object file: No such file or directory'. (in domain Mono, info)
DllImport error loading library '//lib/libc.so.6': '//lib/libc.so.6: cannot open shared object file: No such file or directory'. (in domain Mono, info)
DllImport error loading library '//lib/libc.so.6.so': '//lib/libc.so.6.so: cannot open shared object file: No such file or directory'. (in domain Mono, info)
DllImport error loading library '//lib/libc.so.6.so': '//lib/libc.so.6.so: cannot open shared object file: No such file or directory'. (in domain Mono, info)
DllImport loaded library 'libc.so.6'. (in domain Mono, info)
DllImport searching in: 'libc.so.6' ('libc.so.6'). (in domain Mono, info)
Searching for 'uname'. (in domain Mono, info)
Probing 'uname'. (in domain Mono, info)
Found as 'uname'. (in domain Mono, info)
DllImport searching in: 'libc.so.6' ('libc.so.6'). (in domain Mono, info)
Searching for 'getifaddrs'. (in domain Mono, info)
Probing 'getifaddrs'. (in domain Mono, info)
Found as 'getifaddrs'. (in domain Mono, info)
DllImport searching in: 'libc.so.6' ('libc.so.6'). (in domain Mono, info)
Searching for 'freeifaddrs'. (in domain Mono, info)
Probing 'freeifaddrs'. (in domain Mono, info)
Found as 'freeifaddrs'. (in domain Mono, info)
Requesting loading reference 1 (of 16) of /Godot_v3.5.1-stable_mono_linux_headless_64/GodotSharp/Mono/lib/mono/4.5/Facades/netstandard.dll (in domain Mono, info)
Loading reference 1 of /Godot_v3.5.1-stable_mono_linux_headless_64/GodotSharp/Mono/lib/mono/4.5/Facades/netstandard.dll asmctx DEFAULT, looking for System.Core, Version=4.0.0.0, Culture=neutral, PublicKeyToken=b77a5c561934e089 (in domain Mono, info)
